   0  $accept : %entry% $end

   1  toplevel : EOF
   2           | Command SEMI toplevel

   3  Command : Term
   4          | UCID TyBinder
   5          | LCID Binder

   6  Binder : COLON Type
   7         | EQ Term

   8  Type : ArrowType
   9       | RREF AType
  10       | SSOURCE AType
  11       | SSINK AType

  12  AType : LPAREN Type RPAREN
  13        | UCID
  14        | TTOP
  15        | BOOL
  16        | TBOT
  17        | LCURLY FieldTypes RCURLY
  18        | LT FieldTypes GT
  19        | USTRING
  20        | UUNIT
  21        | UFLOAT
  22        | NAT
  23        | URANGE
  24        | UFRAC

  25  TyBinder :
  26           | EQ Type

  27  ArrowType : AType ARROW ArrowType
  28            | AType

  29  Term : AppTerm
  30       | LAMBDA LCID COLON Type DOT Term
  31       | LAMBDA USCORE COLON Type DOT Term
  32       | IF Term THEN Term ELSE Term
  33       | LET LCID EQ Term IN Term
  34       | LET USCORE EQ Term IN Term
  35       | LETREC LCID COLON Type EQ Term IN Term
  36       | CASE Term OF Cases
  37       | AppTerm COLONEQ AppTerm

  38  AppTerm : PathTerm
  39          | AppTerm PathTerm
  40          | FIX PathTerm
  41          | REF PathTerm
  42          | BANG PathTerm
  43          | TIMESFLOAT PathTerm PathTerm
  44          | SUCC PathTerm
  45          | PRED PathTerm
  46          | ISZERO PathTerm
  47          | ADD PathTerm PathTerm
  48          | SUB PathTerm PathTerm
  49          | MUL PathTerm PathTerm
  50          | DIV PathTerm PathTerm
  51          | INV PathTerm
  52          | LESS PathTerm PathTerm
  53          | SETPRECISION PathTerm PathTerm
  54          | ROUND PathTerm PathTerm
  55          | UP PathTerm PathTerm
  56          | DOWN PathTerm PathTerm
  57          | TORANGE PathTerm

  58  PathTerm : PathTerm DOT LCID
  59           | PathTerm DOT INTV
  60           | AscribeTerm

  61  FieldTypes :
  62             | NEFieldTypes

  63  NEFieldTypes : FieldType
  64               | FieldType COMMA NEFieldTypes

  65  FieldType : LCID COLON Type
  66            | Type

  67  AscribeTerm : ATerm AS Type
  68              | ATerm

  69  TermSeq : Term
  70          | Term SEMI TermSeq

  71  ATerm : LPAREN TermSeq RPAREN
  72        | INERT LSQUARE Type RSQUARE
  73        | LCID
  74        | TRUE
  75        | FALSE
  76        | LCURLY Fields RCURLY
  77        | LT LCID EQ Term GT AS Type
  78        | STRINGV
  79        | UNIT
  80        | FLOATV
  81        | INTV
  82        | FRACV

  83  Fields :
  84         | NEFields

  85  NEFields : Field
  86           | Field COMMA NEFields

  87  Field : LCID EQ Term
  88        | Term

  89  Cases : Case
  90        | Case VBAR Cases

  91  Case : LT LCID EQ LCID GT DDARROW AppTerm

  92  %entry% : '\001' toplevel

state 0
	$accept : . %entry% $end  (0)

	'\001'  shift 1
	.  error

	%entry%  goto 2


state 1
	%entry% : '\001' . toplevel  (92)

	INERT  shift 3
	LAMBDA  shift 4
	IF  shift 5
	TRUE  shift 6
	FALSE  shift 7
	LET  shift 8
	FIX  shift 9
	LETREC  shift 10
	CASE  shift 11
	UNIT  shift 12
	REF  shift 13
	TIMESFLOAT  shift 14
	SUCC  shift 15
	PRED  shift 16
	ISZERO  shift 17
	ADD  shift 18
	SUB  shift 19
	MUL  shift 20
	DIV  shift 21
	INV  shift 22
	SETPRECISION  shift 23
	ROUND  shift 24
	UP  shift 25
	DOWN  shift 26
	LESS  shift 27
	TORANGE  shift 28
	UCID  shift 29
	LCID  shift 30
	INTV  shift 31
	FLOATV  shift 32
	STRINGV  shift 33
	FRACV  shift 34
	BANG  shift 35
	EOF  shift 36
	LCURLY  shift 37
	LPAREN  shift 38
	LT  shift 39
	.  error

	toplevel  goto 40
	Command  goto 41
	Term  goto 42
	AppTerm  goto 43
	PathTerm  goto 44
	AscribeTerm  goto 45
	ATerm  goto 46


state 2
	$accept : %entry% . $end  (0)

	$end  accept


state 3
	ATerm : INERT . LSQUARE Type RSQUARE  (72)

	LSQUARE  shift 47
	.  error


state 4
	Term : LAMBDA . LCID COLON Type DOT Term  (30)
	Term : LAMBDA . USCORE COLON Type DOT Term  (31)

	LCID  shift 48
	USCORE  shift 49
	.  error


state 5
	Term : IF . Term THEN Term ELSE Term  (32)

	INERT  shift 3
	LAMBDA  shift 4
	IF  shift 5
	TRUE  shift 6
	FALSE  shift 7
	LET  shift 8
	FIX  shift 9
	LETREC  shift 10
	CASE  shift 11
	UNIT  shift 12
	REF  shift 13
	TIMESFLOAT  shift 14
	SUCC  shift 15
	PRED  shift 16
	ISZERO  shift 17
	ADD  shift 18
	SUB  shift 19
	MUL  shift 20
	DIV  shift 21
	INV  shift 22
	SETPRECISION  shift 23
	ROUND  shift 24
	UP  shift 25
	DOWN  shift 26
	LESS  shift 27
	TORANGE  shift 28
	LCID  shift 50
	INTV  shift 31
	FLOATV  shift 32
	STRINGV  shift 33
	FRACV  shift 34
	BANG  shift 35
	LCURLY  shift 37
	LPAREN  shift 38
	LT  shift 39
	.  error

	Term  goto 51
	AppTerm  goto 43
	PathTerm  goto 44
	AscribeTerm  goto 45
	ATerm  goto 46


state 6
	ATerm : TRUE .  (74)

	.  reduce 74


state 7
	ATerm : FALSE .  (75)

	.  reduce 75


state 8
	Term : LET . LCID EQ Term IN Term  (33)
	Term : LET . USCORE EQ Term IN Term  (34)

	LCID  shift 52
	USCORE  shift 53
	.  error


state 9
	AppTerm : FIX . PathTerm  (40)

	INERT  shift 3
	TRUE  shift 6
	FALSE  shift 7
	UNIT  shift 12
	LCID  shift 50
	INTV  shift 31
	FLOATV  shift 32
	STRINGV  shift 33
	FRACV  shift 34
	LCURLY  shift 37
	LPAREN  shift 38
	LT  shift 39
	.  error

	PathTerm  goto 54
	AscribeTerm  goto 45
	ATerm  goto 46


state 10
	Term : LETREC . LCID COLON Type EQ Term IN Term  (35)

	LCID  shift 55
	.  error


state 11
	Term : CASE . Term OF Cases  (36)

	INERT  shift 3
	LAMBDA  shift 4
	IF  shift 5
	TRUE  shift 6
	FALSE  shift 7
	LET  shift 8
	FIX  shift 9
	LETREC  shift 10
	CASE  shift 11
	UNIT  shift 12
	REF  shift 13
	TIMESFLOAT  shift 14
	SUCC  shift 15
	PRED  shift 16
	ISZERO  shift 17
	ADD  shift 18
	SUB  shift 19
	MUL  shift 20
	DIV  shift 21
	INV  shift 22
	SETPRECISION  shift 23
	ROUND  shift 24
	UP  shift 25
	DOWN  shift 26
	LESS  shift 27
	TORANGE  shift 28
	LCID  shift 50
	INTV  shift 31
	FLOATV  shift 32
	STRINGV  shift 33
	FRACV  shift 34
	BANG  shift 35
	LCURLY  shift 37
	LPAREN  shift 38
	LT  shift 39
	.  error

	Term  goto 56
	AppTerm  goto 43
	PathTerm  goto 44
	AscribeTerm  goto 45
	ATerm  goto 46


state 12
	ATerm : UNIT .  (79)

	.  reduce 79


state 13
	AppTerm : REF . PathTerm  (41)

	INERT  shift 3
	TRUE  shift 6
	FALSE  shift 7
	UNIT  shift 12
	LCID  shift 50
	INTV  shift 31
	FLOATV  shift 32
	STRINGV  shift 33
	FRACV  shift 34
	LCURLY  shift 37
	LPAREN  shift 38
	LT  shift 39
	.  error

	PathTerm  goto 57
	AscribeTerm  goto 45
	ATerm  goto 46


state 14
	AppTerm : TIMESFLOAT . PathTerm PathTerm  (43)

	INERT  shift 3
	TRUE  shift 6
	FALSE  shift 7
	UNIT  shift 12
	LCID  shift 50
	INTV  shift 31
	FLOATV  shift 32
	STRINGV  shift 33
	FRACV  shift 34
	LCURLY  shift 37
	LPAREN  shift 38
	LT  shift 39
	.  error

	PathTerm  goto 58
	AscribeTerm  goto 45
	ATerm  goto 46


state 15
	AppTerm : SUCC . PathTerm  (44)

	INERT  shift 3
	TRUE  shift 6
	FALSE  shift 7
	UNIT  shift 12
	LCID  shift 50
	INTV  shift 31
	FLOATV  shift 32
	STRINGV  shift 33
	FRACV  shift 34
	LCURLY  shift 37
	LPAREN  shift 38
	LT  shift 39
	.  error

	PathTerm  goto 59
	AscribeTerm  goto 45
	ATerm  goto 46


state 16
	AppTerm : PRED . PathTerm  (45)

	INERT  shift 3
	TRUE  shift 6
	FALSE  shift 7
	UNIT  shift 12
	LCID  shift 50
	INTV  shift 31
	FLOATV  shift 32
	STRINGV  shift 33
	FRACV  shift 34
	LCURLY  shift 37
	LPAREN  shift 38
	LT  shift 39
	.  error

	PathTerm  goto 60
	AscribeTerm  goto 45
	ATerm  goto 46


state 17
	AppTerm : ISZERO . PathTerm  (46)

	INERT  shift 3
	TRUE  shift 6
	FALSE  shift 7
	UNIT  shift 12
	LCID  shift 50
	INTV  shift 31
	FLOATV  shift 32
	STRINGV  shift 33
	FRACV  shift 34
	LCURLY  shift 37
	LPAREN  shift 38
	LT  shift 39
	.  error

	PathTerm  goto 61
	AscribeTerm  goto 45
	ATerm  goto 46


state 18
	AppTerm : ADD . PathTerm PathTerm  (47)

	INERT  shift 3
	TRUE  shift 6
	FALSE  shift 7
	UNIT  shift 12
	LCID  shift 50
	INTV  shift 31
	FLOATV  shift 32
	STRINGV  shift 33
	FRACV  shift 34
	LCURLY  shift 37
	LPAREN  shift 38
	LT  shift 39
	.  error

	PathTerm  goto 62
	AscribeTerm  goto 45
	ATerm  goto 46


state 19
	AppTerm : SUB . PathTerm PathTerm  (48)

	INERT  shift 3
	TRUE  shift 6
	FALSE  shift 7
	UNIT  shift 12
	LCID  shift 50
	INTV  shift 31
	FLOATV  shift 32
	STRINGV  shift 33
	FRACV  shift 34
	LCURLY  shift 37
	LPAREN  shift 38
	LT  shift 39
	.  error

	PathTerm  goto 63
	AscribeTerm  goto 45
	ATerm  goto 46


state 20
	AppTerm : MUL . PathTerm PathTerm  (49)

	INERT  shift 3
	TRUE  shift 6
	FALSE  shift 7
	UNIT  shift 12
	LCID  shift 50
	INTV  shift 31
	FLOATV  shift 32
	STRINGV  shift 33
	FRACV  shift 34
	LCURLY  shift 37
	LPAREN  shift 38
	LT  shift 39
	.  error

	PathTerm  goto 64
	AscribeTerm  goto 45
	ATerm  goto 46


state 21
	AppTerm : DIV . PathTerm PathTerm  (50)

	INERT  shift 3
	TRUE  shift 6
	FALSE  shift 7
	UNIT  shift 12
	LCID  shift 50
	INTV  shift 31
	FLOATV  shift 32
	STRINGV  shift 33
	FRACV  shift 34
	LCURLY  shift 37
	LPAREN  shift 38
	LT  shift 39
	.  error

	PathTerm  goto 65
	AscribeTerm  goto 45
	ATerm  goto 46


state 22
	AppTerm : INV . PathTerm  (51)

	INERT  shift 3
	TRUE  shift 6
	FALSE  shift 7
	UNIT  shift 12
	LCID  shift 50
	INTV  shift 31
	FLOATV  shift 32
	STRINGV  shift 33
	FRACV  shift 34
	LCURLY  shift 37
	LPAREN  shift 38
	LT  shift 39
	.  error

	PathTerm  goto 66
	AscribeTerm  goto 45
	ATerm  goto 46


state 23
	AppTerm : SETPRECISION . PathTerm PathTerm  (53)

	INERT  shift 3
	TRUE  shift 6
	FALSE  shift 7
	UNIT  shift 12
	LCID  shift 50
	INTV  shift 31
	FLOATV  shift 32
	STRINGV  shift 33
	FRACV  shift 34
	LCURLY  shift 37
	LPAREN  shift 38
	LT  shift 39
	.  error

	PathTerm  goto 67
	AscribeTerm  goto 45
	ATerm  goto 46


state 24
	AppTerm : ROUND . PathTerm PathTerm  (54)

	INERT  shift 3
	TRUE  shift 6
	FALSE  shift 7
	UNIT  shift 12
	LCID  shift 50
	INTV  shift 31
	FLOATV  shift 32
	STRINGV  shift 33
	FRACV  shift 34
	LCURLY  shift 37
	LPAREN  shift 38
	LT  shift 39
	.  error

	PathTerm  goto 68
	AscribeTerm  goto 45
	ATerm  goto 46


state 25
	AppTerm : UP . PathTerm PathTerm  (55)

	INERT  shift 3
	TRUE  shift 6
	FALSE  shift 7
	UNIT  shift 12
	LCID  shift 50
	INTV  shift 31
	FLOATV  shift 32
	STRINGV  shift 33
	FRACV  shift 34
	LCURLY  shift 37
	LPAREN  shift 38
	LT  shift 39
	.  error

	PathTerm  goto 69
	AscribeTerm  goto 45
	ATerm  goto 46


state 26
	AppTerm : DOWN . PathTerm PathTerm  (56)

	INERT  shift 3
	TRUE  shift 6
	FALSE  shift 7
	UNIT  shift 12
	LCID  shift 50
	INTV  shift 31
	FLOATV  shift 32
	STRINGV  shift 33
	FRACV  shift 34
	LCURLY  shift 37
	LPAREN  shift 38
	LT  shift 39
	.  error

	PathTerm  goto 70
	AscribeTerm  goto 45
	ATerm  goto 46


state 27
	AppTerm : LESS . PathTerm PathTerm  (52)

	INERT  shift 3
	TRUE  shift 6
	FALSE  shift 7
	UNIT  shift 12
	LCID  shift 50
	INTV  shift 31
	FLOATV  shift 32
	STRINGV  shift 33
	FRACV  shift 34
	LCURLY  shift 37
	LPAREN  shift 38
	LT  shift 39
	.  error

	PathTerm  goto 71
	AscribeTerm  goto 45
	ATerm  goto 46


state 28
	AppTerm : TORANGE . PathTerm  (57)

	INERT  shift 3
	TRUE  shift 6
	FALSE  shift 7
	UNIT  shift 12
	LCID  shift 50
	INTV  shift 31
	FLOATV  shift 32
	STRINGV  shift 33
	FRACV  shift 34
	LCURLY  shift 37
	LPAREN  shift 38
	LT  shift 39
	.  error

	PathTerm  goto 72
	AscribeTerm  goto 45
	ATerm  goto 46


state 29
	Command : UCID . TyBinder  (4)
	TyBinder : .  (25)

	EQ  shift 73
	SEMI  reduce 25

	TyBinder  goto 74


state 30
	Command : LCID . Binder  (5)
	ATerm : LCID .  (73)

	COLON  shift 75
	EQ  shift 76
	INERT  reduce 73
	TRUE  reduce 73
	FALSE  reduce 73
	AS  reduce 73
	UNIT  reduce 73
	LCID  reduce 73
	INTV  reduce 73
	FLOATV  reduce 73
	STRINGV  reduce 73
	FRACV  reduce 73
	COLONEQ  reduce 73
	DOT  reduce 73
	LCURLY  reduce 73
	LPAREN  reduce 73
	LT  reduce 73
	SEMI  reduce 73

	Binder  goto 77


state 31
	ATerm : INTV .  (81)

	.  reduce 81


state 32
	ATerm : FLOATV .  (80)

	.  reduce 80


state 33
	ATerm : STRINGV .  (78)

	.  reduce 78


state 34
	ATerm : FRACV .  (82)

	.  reduce 82


state 35
	AppTerm : BANG . PathTerm  (42)

	INERT  shift 3
	TRUE  shift 6
	FALSE  shift 7
	UNIT  shift 12
	LCID  shift 50
	INTV  shift 31
	FLOATV  shift 32
	STRINGV  shift 33
	FRACV  shift 34
	LCURLY  shift 37
	LPAREN  shift 38
	LT  shift 39
	.  error

	PathTerm  goto 78
	AscribeTerm  goto 45
	ATerm  goto 46


state 36
	toplevel : EOF .  (1)

	.  reduce 1


state 37
	ATerm : LCURLY . Fields RCURLY  (76)
	Fields : .  (83)

	INERT  shift 3
	LAMBDA  shift 4
	IF  shift 5
	TRUE  shift 6
	FALSE  shift 7
	LET  shift 8
	FIX  shift 9
	LETREC  shift 10
	CASE  shift 11
	UNIT  shift 12
	REF  shift 13
	TIMESFLOAT  shift 14
	SUCC  shift 15
	PRED  shift 16
	ISZERO  shift 17
	ADD  shift 18
	SUB  shift 19
	MUL  shift 20
	DIV  shift 21
	INV  shift 22
	SETPRECISION  shift 23
	ROUND  shift 24
	UP  shift 25
	DOWN  shift 26
	LESS  shift 27
	TORANGE  shift 28
	LCID  shift 79
	INTV  shift 31
	FLOATV  shift 32
	STRINGV  shift 33
	FRACV  shift 34
	BANG  shift 35
	LCURLY  shift 37
	LPAREN  shift 38
	LT  shift 39
	RCURLY  reduce 83

	Term  goto 80
	AppTerm  goto 43
	PathTerm  goto 44
	AscribeTerm  goto 45
	ATerm  goto 46
	Fields  goto 81
	NEFields  goto 82
	Field  goto 83


state 38
	ATerm : LPAREN . TermSeq RPAREN  (71)

	INERT  shift 3
	LAMBDA  shift 4
	IF  shift 5
	TRUE  shift 6
	FALSE  shift 7
	LET  shift 8
	FIX  shift 9
	LETREC  shift 10
	CASE  shift 11
	UNIT  shift 12
	REF  shift 13
	TIMESFLOAT  shift 14
	SUCC  shift 15
	PRED  shift 16
	ISZERO  shift 17
	ADD  shift 18
	SUB  shift 19
	MUL  shift 20
	DIV  shift 21
	INV  shift 22
	SETPRECISION  shift 23
	ROUND  shift 24
	UP  shift 25
	DOWN  shift 26
	LESS  shift 27
	TORANGE  shift 28
	LCID  shift 50
	INTV  shift 31
	FLOATV  shift 32
	STRINGV  shift 33
	FRACV  shift 34
	BANG  shift 35
	LCURLY  shift 37
	LPAREN  shift 38
	LT  shift 39
	.  error

	Term  goto 84
	AppTerm  goto 43
	PathTerm  goto 44
	AscribeTerm  goto 45
	ATerm  goto 46
	TermSeq  goto 85


state 39
	ATerm : LT . LCID EQ Term GT AS Type  (77)

	LCID  shift 86
	.  error


state 40
	%entry% : '\001' toplevel .  (92)

	.  reduce 92


state 41
	toplevel : Command . SEMI toplevel  (2)

	SEMI  shift 87
	.  error


state 42
	Command : Term .  (3)

	.  reduce 3


state 43
	Term : AppTerm .  (29)
	Term : AppTerm . COLONEQ AppTerm  (37)
	AppTerm : AppTerm . PathTerm  (39)

	INERT  shift 3
	TRUE  shift 6
	FALSE  shift 7
	UNIT  shift 12
	LCID  shift 50
	INTV  shift 31
	FLOATV  shift 32
	STRINGV  shift 33
	FRACV  shift 34
	COLONEQ  shift 88
	LCURLY  shift 37
	LPAREN  shift 38
	LT  shift 39
	THEN  reduce 29
	ELSE  reduce 29
	IN  reduce 29
	OF  reduce 29
	COMMA  reduce 29
	GT  reduce 29
	RCURLY  reduce 29
	RPAREN  reduce 29
	SEMI  reduce 29

	PathTerm  goto 89
	AscribeTerm  goto 45
	ATerm  goto 46


state 44
	AppTerm : PathTerm .  (38)
	PathTerm : PathTerm . DOT LCID  (58)
	PathTerm : PathTerm . DOT INTV  (59)

	DOT  shift 90
	INERT  reduce 38
	THEN  reduce 38
	ELSE  reduce 38
	TRUE  reduce 38
	FALSE  reduce 38
	IN  reduce 38
	OF  reduce 38
	UNIT  reduce 38
	LCID  reduce 38
	INTV  reduce 38
	FLOATV  reduce 38
	STRINGV  reduce 38
	FRACV  reduce 38
	COLONEQ  reduce 38
	COMMA  reduce 38
	GT  reduce 38
	LCURLY  reduce 38
	LPAREN  reduce 38
	LT  reduce 38
	RCURLY  reduce 38
	RPAREN  reduce 38
	SEMI  reduce 38
	VBAR  reduce 38


state 45
	PathTerm : AscribeTerm .  (60)

	.  reduce 60


state 46
	AscribeTerm : ATerm . AS Type  (67)
	AscribeTerm : ATerm .  (68)

	AS  shift 91
	INERT  reduce 68
	THEN  reduce 68
	ELSE  reduce 68
	TRUE  reduce 68
	FALSE  reduce 68
	IN  reduce 68
	OF  reduce 68
	UNIT  reduce 68
	LCID  reduce 68
	INTV  reduce 68
	FLOATV  reduce 68
	STRINGV  reduce 68
	FRACV  reduce 68
	COLONEQ  reduce 68
	COMMA  reduce 68
	DOT  reduce 68
	GT  reduce 68
	LCURLY  reduce 68
	LPAREN  reduce 68
	LT  reduce 68
	RCURLY  reduce 68
	RPAREN  reduce 68
	SEMI  reduce 68
	VBAR  reduce 68


state 47
	ATerm : INERT LSQUARE . Type RSQUARE  (72)

	TTOP  shift 92
	BOOL  shift 93
	TBOT  shift 94
	USTRING  shift 95
	UUNIT  shift 96
	RREF  shift 97
	UFLOAT  shift 98
	SSOURCE  shift 99
	SSINK  shift 100
	NAT  shift 101
	URANGE  shift 102
	UFRAC  shift 103
	UCID  shift 104
	LCURLY  shift 105
	LPAREN  shift 106
	LT  shift 107
	.  error

	Type  goto 108
	ArrowType  goto 109
	AType  goto 110


state 48
	Term : LAMBDA LCID . COLON Type DOT Term  (30)

	COLON  shift 111
	.  error


state 49
	Term : LAMBDA USCORE . COLON Type DOT Term  (31)

	COLON  shift 112
	.  error


state 50
	ATerm : LCID .  (73)

	.  reduce 73


state 51
	Term : IF Term . THEN Term ELSE Term  (32)

	THEN  shift 113
	.  error


state 52
	Term : LET LCID . EQ Term IN Term  (33)

	EQ  shift 114
	.  error


state 53
	Term : LET USCORE . EQ Term IN Term  (34)

	EQ  shift 115
	.  error


state 54
	AppTerm : FIX PathTerm .  (40)
	PathTerm : PathTerm . DOT LCID  (58)
	PathTerm : PathTerm . DOT INTV  (59)

	DOT  shift 90
	INERT  reduce 40
	THEN  reduce 40
	ELSE  reduce 40
	TRUE  reduce 40
	FALSE  reduce 40
	IN  reduce 40
	OF  reduce 40
	UNIT  reduce 40
	LCID  reduce 40
	INTV  reduce 40
	FLOATV  reduce 40
	STRINGV  reduce 40
	FRACV  reduce 40
	COLONEQ  reduce 40
	COMMA  reduce 40
	GT  reduce 40
	LCURLY  reduce 40
	LPAREN  reduce 40
	LT  reduce 40
	RCURLY  reduce 40
	RPAREN  reduce 40
	SEMI  reduce 40
	VBAR  reduce 40


state 55
	Term : LETREC LCID . COLON Type EQ Term IN Term  (35)

	COLON  shift 116
	.  error


state 56
	Term : CASE Term . OF Cases  (36)

	OF  shift 117
	.  error


state 57
	AppTerm : REF PathTerm .  (41)
	PathTerm : PathTerm . DOT LCID  (58)
	PathTerm : PathTerm . DOT INTV  (59)

	DOT  shift 90
	INERT  reduce 41
	THEN  reduce 41
	ELSE  reduce 41
	TRUE  reduce 41
	FALSE  reduce 41
	IN  reduce 41
	OF  reduce 41
	UNIT  reduce 41
	LCID  reduce 41
	INTV  reduce 41
	FLOATV  reduce 41
	STRINGV  reduce 41
	FRACV  reduce 41
	COLONEQ  reduce 41
	COMMA  reduce 41
	GT  reduce 41
	LCURLY  reduce 41
	LPAREN  reduce 41
	LT  reduce 41
	RCURLY  reduce 41
	RPAREN  reduce 41
	SEMI  reduce 41
	VBAR  reduce 41


state 58
	AppTerm : TIMESFLOAT PathTerm . PathTerm  (43)
	PathTerm : PathTerm . DOT LCID  (58)
	PathTerm : PathTerm . DOT INTV  (59)

	INERT  shift 3
	TRUE  shift 6
	FALSE  shift 7
	UNIT  shift 12
	LCID  shift 50
	INTV  shift 31
	FLOATV  shift 32
	STRINGV  shift 33
	FRACV  shift 34
	DOT  shift 90
	LCURLY  shift 37
	LPAREN  shift 38
	LT  shift 39
	.  error

	PathTerm  goto 118
	AscribeTerm  goto 45
	ATerm  goto 46


state 59
	AppTerm : SUCC PathTerm .  (44)
	PathTerm : PathTerm . DOT LCID  (58)
	PathTerm : PathTerm . DOT INTV  (59)

	DOT  shift 90
	INERT  reduce 44
	THEN  reduce 44
	ELSE  reduce 44
	TRUE  reduce 44
	FALSE  reduce 44
	IN  reduce 44
	OF  reduce 44
	UNIT  reduce 44
	LCID  reduce 44
	INTV  reduce 44
	FLOATV  reduce 44
	STRINGV  reduce 44
	FRACV  reduce 44
	COLONEQ  reduce 44
	COMMA  reduce 44
	GT  reduce 44
	LCURLY  reduce 44
	LPAREN  reduce 44
	LT  reduce 44
	RCURLY  reduce 44
	RPAREN  reduce 44
	SEMI  reduce 44
	VBAR  reduce 44


state 60
	AppTerm : PRED PathTerm .  (45)
	PathTerm : PathTerm . DOT LCID  (58)
	PathTerm : PathTerm . DOT INTV  (59)

	DOT  shift 90
	INERT  reduce 45
	THEN  reduce 45
	ELSE  reduce 45
	TRUE  reduce 45
	FALSE  reduce 45
	IN  reduce 45
	OF  reduce 45
	UNIT  reduce 45
	LCID  reduce 45
	INTV  reduce 45
	FLOATV  reduce 45
	STRINGV  reduce 45
	FRACV  reduce 45
	COLONEQ  reduce 45
	COMMA  reduce 45
	GT  reduce 45
	LCURLY  reduce 45
	LPAREN  reduce 45
	LT  reduce 45
	RCURLY  reduce 45
	RPAREN  reduce 45
	SEMI  reduce 45
	VBAR  reduce 45


state 61
	AppTerm : ISZERO PathTerm .  (46)
	PathTerm : PathTerm . DOT LCID  (58)
	PathTerm : PathTerm . DOT INTV  (59)

	DOT  shift 90
	INERT  reduce 46
	THEN  reduce 46
	ELSE  reduce 46
	TRUE  reduce 46
	FALSE  reduce 46
	IN  reduce 46
	OF  reduce 46
	UNIT  reduce 46
	LCID  reduce 46
	INTV  reduce 46
	FLOATV  reduce 46
	STRINGV  reduce 46
	FRACV  reduce 46
	COLONEQ  reduce 46
	COMMA  reduce 46
	GT  reduce 46
	LCURLY  reduce 46
	LPAREN  reduce 46
	LT  reduce 46
	RCURLY  reduce 46
	RPAREN  reduce 46
	SEMI  reduce 46
	VBAR  reduce 46


state 62
	AppTerm : ADD PathTerm . PathTerm  (47)
	PathTerm : PathTerm . DOT LCID  (58)
	PathTerm : PathTerm . DOT INTV  (59)

	INERT  shift 3
	TRUE  shift 6
	FALSE  shift 7
	UNIT  shift 12
	LCID  shift 50
	INTV  shift 31
	FLOATV  shift 32
	STRINGV  shift 33
	FRACV  shift 34
	DOT  shift 90
	LCURLY  shift 37
	LPAREN  shift 38
	LT  shift 39
	.  error

	PathTerm  goto 119
	AscribeTerm  goto 45
	ATerm  goto 46


state 63
	AppTerm : SUB PathTerm . PathTerm  (48)
	PathTerm : PathTerm . DOT LCID  (58)
	PathTerm : PathTerm . DOT INTV  (59)

	INERT  shift 3
	TRUE  shift 6
	FALSE  shift 7
	UNIT  shift 12
	LCID  shift 50
	INTV  shift 31
	FLOATV  shift 32
	STRINGV  shift 33
	FRACV  shift 34
	DOT  shift 90
	LCURLY  shift 37
	LPAREN  shift 38
	LT  shift 39
	.  error

	PathTerm  goto 120
	AscribeTerm  goto 45
	ATerm  goto 46


state 64
	AppTerm : MUL PathTerm . PathTerm  (49)
	PathTerm : PathTerm . DOT LCID  (58)
	PathTerm : PathTerm . DOT INTV  (59)

	INERT  shift 3
	TRUE  shift 6
	FALSE  shift 7
	UNIT  shift 12
	LCID  shift 50
	INTV  shift 31
	FLOATV  shift 32
	STRINGV  shift 33
	FRACV  shift 34
	DOT  shift 90
	LCURLY  shift 37
	LPAREN  shift 38
	LT  shift 39
	.  error

	PathTerm  goto 121
	AscribeTerm  goto 45
	ATerm  goto 46


state 65
	AppTerm : DIV PathTerm . PathTerm  (50)
	PathTerm : PathTerm . DOT LCID  (58)
	PathTerm : PathTerm . DOT INTV  (59)

	INERT  shift 3
	TRUE  shift 6
	FALSE  shift 7
	UNIT  shift 12
	LCID  shift 50
	INTV  shift 31
	FLOATV  shift 32
	STRINGV  shift 33
	FRACV  shift 34
	DOT  shift 90
	LCURLY  shift 37
	LPAREN  shift 38
	LT  shift 39
	.  error

	PathTerm  goto 122
	AscribeTerm  goto 45
	ATerm  goto 46


state 66
	AppTerm : INV PathTerm .  (51)
	PathTerm : PathTerm . DOT LCID  (58)
	PathTerm : PathTerm . DOT INTV  (59)

	DOT  shift 90
	INERT  reduce 51
	THEN  reduce 51
	ELSE  reduce 51
	TRUE  reduce 51
	FALSE  reduce 51
	IN  reduce 51
	OF  reduce 51
	UNIT  reduce 51
	LCID  reduce 51
	INTV  reduce 51
	FLOATV  reduce 51
	STRINGV  reduce 51
	FRACV  reduce 51
	COLONEQ  reduce 51
	COMMA  reduce 51
	GT  reduce 51
	LCURLY  reduce 51
	LPAREN  reduce 51
	LT  reduce 51
	RCURLY  reduce 51
	RPAREN  reduce 51
	SEMI  reduce 51
	VBAR  reduce 51


state 67
	AppTerm : SETPRECISION PathTerm . PathTerm  (53)
	PathTerm : PathTerm . DOT LCID  (58)
	PathTerm : PathTerm . DOT INTV  (59)

	INERT  shift 3
	TRUE  shift 6
	FALSE  shift 7
	UNIT  shift 12
	LCID  shift 50
	INTV  shift 31
	FLOATV  shift 32
	STRINGV  shift 33
	FRACV  shift 34
	DOT  shift 90
	LCURLY  shift 37
	LPAREN  shift 38
	LT  shift 39
	.  error

	PathTerm  goto 123
	AscribeTerm  goto 45
	ATerm  goto 46


state 68
	AppTerm : ROUND PathTerm . PathTerm  (54)
	PathTerm : PathTerm . DOT LCID  (58)
	PathTerm : PathTerm . DOT INTV  (59)

	INERT  shift 3
	TRUE  shift 6
	FALSE  shift 7
	UNIT  shift 12
	LCID  shift 50
	INTV  shift 31
	FLOATV  shift 32
	STRINGV  shift 33
	FRACV  shift 34
	DOT  shift 90
	LCURLY  shift 37
	LPAREN  shift 38
	LT  shift 39
	.  error

	PathTerm  goto 124
	AscribeTerm  goto 45
	ATerm  goto 46


state 69
	AppTerm : UP PathTerm . PathTerm  (55)
	PathTerm : PathTerm . DOT LCID  (58)
	PathTerm : PathTerm . DOT INTV  (59)

	INERT  shift 3
	TRUE  shift 6
	FALSE  shift 7
	UNIT  shift 12
	LCID  shift 50
	INTV  shift 31
	FLOATV  shift 32
	STRINGV  shift 33
	FRACV  shift 34
	DOT  shift 90
	LCURLY  shift 37
	LPAREN  shift 38
	LT  shift 39
	.  error

	PathTerm  goto 125
	AscribeTerm  goto 45
	ATerm  goto 46


state 70
	AppTerm : DOWN PathTerm . PathTerm  (56)
	PathTerm : PathTerm . DOT LCID  (58)
	PathTerm : PathTerm . DOT INTV  (59)

	INERT  shift 3
	TRUE  shift 6
	FALSE  shift 7
	UNIT  shift 12
	LCID  shift 50
	INTV  shift 31
	FLOATV  shift 32
	STRINGV  shift 33
	FRACV  shift 34
	DOT  shift 90
	LCURLY  shift 37
	LPAREN  shift 38
	LT  shift 39
	.  error

	PathTerm  goto 126
	AscribeTerm  goto 45
	ATerm  goto 46


state 71
	AppTerm : LESS PathTerm . PathTerm  (52)
	PathTerm : PathTerm . DOT LCID  (58)
	PathTerm : PathTerm . DOT INTV  (59)

	INERT  shift 3
	TRUE  shift 6
	FALSE  shift 7
	UNIT  shift 12
	LCID  shift 50
	INTV  shift 31
	FLOATV  shift 32
	STRINGV  shift 33
	FRACV  shift 34
	DOT  shift 90
	LCURLY  shift 37
	LPAREN  shift 38
	LT  shift 39
	.  error

	PathTerm  goto 127
	AscribeTerm  goto 45
	ATerm  goto 46


state 72
	AppTerm : TORANGE PathTerm .  (57)
	PathTerm : PathTerm . DOT LCID  (58)
	PathTerm : PathTerm . DOT INTV  (59)

	DOT  shift 90
	INERT  reduce 57
	THEN  reduce 57
	ELSE  reduce 57
	TRUE  reduce 57
	FALSE  reduce 57
	IN  reduce 57
	OF  reduce 57
	UNIT  reduce 57
	LCID  reduce 57
	INTV  reduce 57
	FLOATV  reduce 57
	STRINGV  reduce 57
	FRACV  reduce 57
	COLONEQ  reduce 57
	COMMA  reduce 57
	GT  reduce 57
	LCURLY  reduce 57
	LPAREN  reduce 57
	LT  reduce 57
	RCURLY  reduce 57
	RPAREN  reduce 57
	SEMI  reduce 57
	VBAR  reduce 57


state 73
	TyBinder : EQ . Type  (26)

	TTOP  shift 92
	BOOL  shift 93
	TBOT  shift 94
	USTRING  shift 95
	UUNIT  shift 96
	RREF  shift 97
	UFLOAT  shift 98
	SSOURCE  shift 99
	SSINK  shift 100
	NAT  shift 101
	URANGE  shift 102
	UFRAC  shift 103
	UCID  shift 104
	LCURLY  shift 105
	LPAREN  shift 106
	LT  shift 107
	.  error

	Type  goto 128
	ArrowType  goto 109
	AType  goto 110


state 74
	Command : UCID TyBinder .  (4)

	.  reduce 4


state 75
	Binder : COLON . Type  (6)

	TTOP  shift 92
	BOOL  shift 93
	TBOT  shift 94
	USTRING  shift 95
	UUNIT  shift 96
	RREF  shift 97
	UFLOAT  shift 98
	SSOURCE  shift 99
	SSINK  shift 100
	NAT  shift 101
	URANGE  shift 102
	UFRAC  shift 103
	UCID  shift 104
	LCURLY  shift 105
	LPAREN  shift 106
	LT  shift 107
	.  error

	Type  goto 129
	ArrowType  goto 109
	AType  goto 110


state 76
	Binder : EQ . Term  (7)

	INERT  shift 3
	LAMBDA  shift 4
	IF  shift 5
	TRUE  shift 6
	FALSE  shift 7
	LET  shift 8
	FIX  shift 9
	LETREC  shift 10
	CASE  shift 11
	UNIT  shift 12
	REF  shift 13
	TIMESFLOAT  shift 14
	SUCC  shift 15
	PRED  shift 16
	ISZERO  shift 17
	ADD  shift 18
	SUB  shift 19
	MUL  shift 20
	DIV  shift 21
	INV  shift 22
	SETPRECISION  shift 23
	ROUND  shift 24
	UP  shift 25
	DOWN  shift 26
	LESS  shift 27
	TORANGE  shift 28
	LCID  shift 50
	INTV  shift 31
	FLOATV  shift 32
	STRINGV  shift 33
	FRACV  shift 34
	BANG  shift 35
	LCURLY  shift 37
	LPAREN  shift 38
	LT  shift 39
	.  error

	Term  goto 130
	AppTerm  goto 43
	PathTerm  goto 44
	AscribeTerm  goto 45
	ATerm  goto 46


state 77
	Command : LCID Binder .  (5)

	.  reduce 5


state 78
	AppTerm : BANG PathTerm .  (42)
	PathTerm : PathTerm . DOT LCID  (58)
	PathTerm : PathTerm . DOT INTV  (59)

	DOT  shift 90
	INERT  reduce 42
	THEN  reduce 42
	ELSE  reduce 42
	TRUE  reduce 42
	FALSE  reduce 42
	IN  reduce 42
	OF  reduce 42
	UNIT  reduce 42
	LCID  reduce 42
	INTV  reduce 42
	FLOATV  reduce 42
	STRINGV  reduce 42
	FRACV  reduce 42
	COLONEQ  reduce 42
	COMMA  reduce 42
	GT  reduce 42
	LCURLY  reduce 42
	LPAREN  reduce 42
	LT  reduce 42
	RCURLY  reduce 42
	RPAREN  reduce 42
	SEMI  reduce 42
	VBAR  reduce 42


state 79
	ATerm : LCID .  (73)
	Field : LCID . EQ Term  (87)

	EQ  shift 131
	INERT  reduce 73
	TRUE  reduce 73
	FALSE  reduce 73
	AS  reduce 73
	UNIT  reduce 73
	LCID  reduce 73
	INTV  reduce 73
	FLOATV  reduce 73
	STRINGV  reduce 73
	FRACV  reduce 73
	COLONEQ  reduce 73
	COMMA  reduce 73
	DOT  reduce 73
	LCURLY  reduce 73
	LPAREN  reduce 73
	LT  reduce 73
	RCURLY  reduce 73


state 80
	Field : Term .  (88)

	.  reduce 88


state 81
	ATerm : LCURLY Fields . RCURLY  (76)

	RCURLY  shift 132
	.  error


state 82
	Fields : NEFields .  (84)

	.  reduce 84


state 83
	NEFields : Field .  (85)
	NEFields : Field . COMMA NEFields  (86)

	COMMA  shift 133
	RCURLY  reduce 85


state 84
	TermSeq : Term .  (69)
	TermSeq : Term . SEMI TermSeq  (70)

	SEMI  shift 134
	RPAREN  reduce 69


state 85
	ATerm : LPAREN TermSeq . RPAREN  (71)

	RPAREN  shift 135
	.  error


state 86
	ATerm : LT LCID . EQ Term GT AS Type  (77)

	EQ  shift 136
	.  error


state 87
	toplevel : Command SEMI . toplevel  (2)

	INERT  shift 3
	LAMBDA  shift 4
	IF  shift 5
	TRUE  shift 6
	FALSE  shift 7
	LET  shift 8
	FIX  shift 9
	LETREC  shift 10
	CASE  shift 11
	UNIT  shift 12
	REF  shift 13
	TIMESFLOAT  shift 14
	SUCC  shift 15
	PRED  shift 16
	ISZERO  shift 17
	ADD  shift 18
	SUB  shift 19
	MUL  shift 20
	DIV  shift 21
	INV  shift 22
	SETPRECISION  shift 23
	ROUND  shift 24
	UP  shift 25
	DOWN  shift 26
	LESS  shift 27
	TORANGE  shift 28
	UCID  shift 29
	LCID  shift 30
	INTV  shift 31
	FLOATV  shift 32
	STRINGV  shift 33
	FRACV  shift 34
	BANG  shift 35
	EOF  shift 36
	LCURLY  shift 37
	LPAREN  shift 38
	LT  shift 39
	.  error

	toplevel  goto 137
	Command  goto 41
	Term  goto 42
	AppTerm  goto 43
	PathTerm  goto 44
	AscribeTerm  goto 45
	ATerm  goto 46


state 88
	Term : AppTerm COLONEQ . AppTerm  (37)

	INERT  shift 3
	TRUE  shift 6
	FALSE  shift 7
	FIX  shift 9
	UNIT  shift 12
	REF  shift 13
	TIMESFLOAT  shift 14
	SUCC  shift 15
	PRED  shift 16
	ISZERO  shift 17
	ADD  shift 18
	SUB  shift 19
	MUL  shift 20
	DIV  shift 21
	INV  shift 22
	SETPRECISION  shift 23
	ROUND  shift 24
	UP  shift 25
	DOWN  shift 26
	LESS  shift 27
	TORANGE  shift 28
	LCID  shift 50
	INTV  shift 31
	FLOATV  shift 32
	STRINGV  shift 33
	FRACV  shift 34
	BANG  shift 35
	LCURLY  shift 37
	LPAREN  shift 38
	LT  shift 39
	.  error

	AppTerm  goto 138
	PathTerm  goto 44
	AscribeTerm  goto 45
	ATerm  goto 46


state 89
	AppTerm : AppTerm PathTerm .  (39)
	PathTerm : PathTerm . DOT LCID  (58)
	PathTerm : PathTerm . DOT INTV  (59)

	DOT  shift 90
	INERT  reduce 39
	THEN  reduce 39
	ELSE  reduce 39
	TRUE  reduce 39
	FALSE  reduce 39
	IN  reduce 39
	OF  reduce 39
	UNIT  reduce 39
	LCID  reduce 39
	INTV  reduce 39
	FLOATV  reduce 39
	STRINGV  reduce 39
	FRACV  reduce 39
	COLONEQ  reduce 39
	COMMA  reduce 39
	GT  reduce 39
	LCURLY  reduce 39
	LPAREN  reduce 39
	LT  reduce 39
	RCURLY  reduce 39
	RPAREN  reduce 39
	SEMI  reduce 39
	VBAR  reduce 39


state 90
	PathTerm : PathTerm DOT . LCID  (58)
	PathTerm : PathTerm DOT . INTV  (59)

	LCID  shift 139
	INTV  shift 140
	.  error


state 91
	AscribeTerm : ATerm AS . Type  (67)

	TTOP  shift 92
	BOOL  shift 93
	TBOT  shift 94
	USTRING  shift 95
	UUNIT  shift 96
	RREF  shift 97
	UFLOAT  shift 98
	SSOURCE  shift 99
	SSINK  shift 100
	NAT  shift 101
	URANGE  shift 102
	UFRAC  shift 103
	UCID  shift 104
	LCURLY  shift 105
	LPAREN  shift 106
	LT  shift 107
	.  error

	Type  goto 141
	ArrowType  goto 109
	AType  goto 110


state 92
	AType : TTOP .  (14)

	.  reduce 14


state 93
	AType : BOOL .  (15)

	.  reduce 15


state 94
	AType : TBOT .  (16)

	.  reduce 16


state 95
	AType : USTRING .  (19)

	.  reduce 19


state 96
	AType : UUNIT .  (20)

	.  reduce 20


state 97
	Type : RREF . AType  (9)

	TTOP  shift 92
	BOOL  shift 93
	TBOT  shift 94
	USTRING  shift 95
	UUNIT  shift 96
	UFLOAT  shift 98
	NAT  shift 101
	URANGE  shift 102
	UFRAC  shift 103
	UCID  shift 104
	LCURLY  shift 105
	LPAREN  shift 106
	LT  shift 107
	.  error

	AType  goto 142


state 98
	AType : UFLOAT .  (21)

	.  reduce 21


state 99
	Type : SSOURCE . AType  (10)

	TTOP  shift 92
	BOOL  shift 93
	TBOT  shift 94
	USTRING  shift 95
	UUNIT  shift 96
	UFLOAT  shift 98
	NAT  shift 101
	URANGE  shift 102
	UFRAC  shift 103
	UCID  shift 104
	LCURLY  shift 105
	LPAREN  shift 106
	LT  shift 107
	.  error

	AType  goto 143


state 100
	Type : SSINK . AType  (11)

	TTOP  shift 92
	BOOL  shift 93
	TBOT  shift 94
	USTRING  shift 95
	UUNIT  shift 96
	UFLOAT  shift 98
	NAT  shift 101
	URANGE  shift 102
	UFRAC  shift 103
	UCID  shift 104
	LCURLY  shift 105
	LPAREN  shift 106
	LT  shift 107
	.  error

	AType  goto 144


state 101
	AType : NAT .  (22)

	.  reduce 22


state 102
	AType : URANGE .  (23)

	.  reduce 23


state 103
	AType : UFRAC .  (24)

	.  reduce 24


state 104
	AType : UCID .  (13)

	.  reduce 13


state 105
	AType : LCURLY . FieldTypes RCURLY  (17)
	FieldTypes : .  (61)

	TTOP  shift 92
	BOOL  shift 93
	TBOT  shift 94
	USTRING  shift 95
	UUNIT  shift 96
	RREF  shift 97
	UFLOAT  shift 98
	SSOURCE  shift 99
	SSINK  shift 100
	NAT  shift 101
	URANGE  shift 102
	UFRAC  shift 103
	UCID  shift 104
	LCID  shift 145
	LCURLY  shift 105
	LPAREN  shift 106
	LT  shift 107
	RCURLY  reduce 61

	Type  goto 146
	ArrowType  goto 109
	AType  goto 110
	FieldTypes  goto 147
	NEFieldTypes  goto 148
	FieldType  goto 149


state 106
	AType : LPAREN . Type RPAREN  (12)

	TTOP  shift 92
	BOOL  shift 93
	TBOT  shift 94
	USTRING  shift 95
	UUNIT  shift 96
	RREF  shift 97
	UFLOAT  shift 98
	SSOURCE  shift 99
	SSINK  shift 100
	NAT  shift 101
	URANGE  shift 102
	UFRAC  shift 103
	UCID  shift 104
	LCURLY  shift 105
	LPAREN  shift 106
	LT  shift 107
	.  error

	Type  goto 150
	ArrowType  goto 109
	AType  goto 110


state 107
	AType : LT . FieldTypes GT  (18)
	FieldTypes : .  (61)

	TTOP  shift 92
	BOOL  shift 93
	TBOT  shift 94
	USTRING  shift 95
	UUNIT  shift 96
	RREF  shift 97
	UFLOAT  shift 98
	SSOURCE  shift 99
	SSINK  shift 100
	NAT  shift 101
	URANGE  shift 102
	UFRAC  shift 103
	UCID  shift 104
	LCID  shift 145
	LCURLY  shift 105
	LPAREN  shift 106
	LT  shift 107
	GT  reduce 61

	Type  goto 146
	ArrowType  goto 109
	AType  goto 110
	FieldTypes  goto 151
	NEFieldTypes  goto 148
	FieldType  goto 149


state 108
	ATerm : INERT LSQUARE Type . RSQUARE  (72)

	RSQUARE  shift 152
	.  error


state 109
	Type : ArrowType .  (8)

	.  reduce 8


state 110
	ArrowType : AType . ARROW ArrowType  (27)
	ArrowType : AType .  (28)

	ARROW  shift 153
	INERT  reduce 28
	THEN  reduce 28
	ELSE  reduce 28
	TRUE  reduce 28
	FALSE  reduce 28
	IN  reduce 28
	OF  reduce 28
	AS  reduce 28
	UNIT  reduce 28
	LCID  reduce 28
	INTV  reduce 28
	FLOATV  reduce 28
	STRINGV  reduce 28
	FRACV  reduce 28
	COLONEQ  reduce 28
	COMMA  reduce 28
	DOT  reduce 28
	EQ  reduce 28
	GT  reduce 28
	LCURLY  reduce 28
	LPAREN  reduce 28
	LT  reduce 28
	RCURLY  reduce 28
	RPAREN  reduce 28
	RSQUARE  reduce 28
	SEMI  reduce 28
	VBAR  reduce 28


state 111
	Term : LAMBDA LCID COLON . Type DOT Term  (30)

	TTOP  shift 92
	BOOL  shift 93
	TBOT  shift 94
	USTRING  shift 95
	UUNIT  shift 96
	RREF  shift 97
	UFLOAT  shift 98
	SSOURCE  shift 99
	SSINK  shift 100
	NAT  shift 101
	URANGE  shift 102
	UFRAC  shift 103
	UCID  shift 104
	LCURLY  shift 105
	LPAREN  shift 106
	LT  shift 107
	.  error

	Type  goto 154
	ArrowType  goto 109
	AType  goto 110


state 112
	Term : LAMBDA USCORE COLON . Type DOT Term  (31)

	TTOP  shift 92
	BOOL  shift 93
	TBOT  shift 94
	USTRING  shift 95
	UUNIT  shift 96
	RREF  shift 97
	UFLOAT  shift 98
	SSOURCE  shift 99
	SSINK  shift 100
	NAT  shift 101
	URANGE  shift 102
	UFRAC  shift 103
	UCID  shift 104
	LCURLY  shift 105
	LPAREN  shift 106
	LT  shift 107
	.  error

	Type  goto 155
	ArrowType  goto 109
	AType  goto 110


state 113
	Term : IF Term THEN . Term ELSE Term  (32)

	INERT  shift 3
	LAMBDA  shift 4
	IF  shift 5
	TRUE  shift 6
	FALSE  shift 7
	LET  shift 8
	FIX  shift 9
	LETREC  shift 10
	CASE  shift 11
	UNIT  shift 12
	REF  shift 13
	TIMESFLOAT  shift 14
	SUCC  shift 15
	PRED  shift 16
	ISZERO  shift 17
	ADD  shift 18
	SUB  shift 19
	MUL  shift 20
	DIV  shift 21
	INV  shift 22
	SETPRECISION  shift 23
	ROUND  shift 24
	UP  shift 25
	DOWN  shift 26
	LESS  shift 27
	TORANGE  shift 28
	LCID  shift 50
	INTV  shift 31
	FLOATV  shift 32
	STRINGV  shift 33
	FRACV  shift 34
	BANG  shift 35
	LCURLY  shift 37
	LPAREN  shift 38
	LT  shift 39
	.  error

	Term  goto 156
	AppTerm  goto 43
	PathTerm  goto 44
	AscribeTerm  goto 45
	ATerm  goto 46


state 114
	Term : LET LCID EQ . Term IN Term  (33)

	INERT  shift 3
	LAMBDA  shift 4
	IF  shift 5
	TRUE  shift 6
	FALSE  shift 7
	LET  shift 8
	FIX  shift 9
	LETREC  shift 10
	CASE  shift 11
	UNIT  shift 12
	REF  shift 13
	TIMESFLOAT  shift 14
	SUCC  shift 15
	PRED  shift 16
	ISZERO  shift 17
	ADD  shift 18
	SUB  shift 19
	MUL  shift 20
	DIV  shift 21
	INV  shift 22
	SETPRECISION  shift 23
	ROUND  shift 24
	UP  shift 25
	DOWN  shift 26
	LESS  shift 27
	TORANGE  shift 28
	LCID  shift 50
	INTV  shift 31
	FLOATV  shift 32
	STRINGV  shift 33
	FRACV  shift 34
	BANG  shift 35
	LCURLY  shift 37
	LPAREN  shift 38
	LT  shift 39
	.  error

	Term  goto 157
	AppTerm  goto 43
	PathTerm  goto 44
	AscribeTerm  goto 45
	ATerm  goto 46


state 115
	Term : LET USCORE EQ . Term IN Term  (34)

	INERT  shift 3
	LAMBDA  shift 4
	IF  shift 5
	TRUE  shift 6
	FALSE  shift 7
	LET  shift 8
	FIX  shift 9
	LETREC  shift 10
	CASE  shift 11
	UNIT  shift 12
	REF  shift 13
	TIMESFLOAT  shift 14
	SUCC  shift 15
	PRED  shift 16
	ISZERO  shift 17
	ADD  shift 18
	SUB  shift 19
	MUL  shift 20
	DIV  shift 21
	INV  shift 22
	SETPRECISION  shift 23
	ROUND  shift 24
	UP  shift 25
	DOWN  shift 26
	LESS  shift 27
	TORANGE  shift 28
	LCID  shift 50
	INTV  shift 31
	FLOATV  shift 32
	STRINGV  shift 33
	FRACV  shift 34
	BANG  shift 35
	LCURLY  shift 37
	LPAREN  shift 38
	LT  shift 39
	.  error

	Term  goto 158
	AppTerm  goto 43
	PathTerm  goto 44
	AscribeTerm  goto 45
	ATerm  goto 46


state 116
	Term : LETREC LCID COLON . Type EQ Term IN Term  (35)

	TTOP  shift 92
	BOOL  shift 93
	TBOT  shift 94
	USTRING  shift 95
	UUNIT  shift 96
	RREF  shift 97
	UFLOAT  shift 98
	SSOURCE  shift 99
	SSINK  shift 100
	NAT  shift 101
	URANGE  shift 102
	UFRAC  shift 103
	UCID  shift 104
	LCURLY  shift 105
	LPAREN  shift 106
	LT  shift 107
	.  error

	Type  goto 159
	ArrowType  goto 109
	AType  goto 110


state 117
	Term : CASE Term OF . Cases  (36)

	LT  shift 160
	.  error

	Cases  goto 161
	Case  goto 162


state 118
	AppTerm : TIMESFLOAT PathTerm PathTerm .  (43)
	PathTerm : PathTerm . DOT LCID  (58)
	PathTerm : PathTerm . DOT INTV  (59)

	DOT  shift 90
	INERT  reduce 43
	THEN  reduce 43
	ELSE  reduce 43
	TRUE  reduce 43
	FALSE  reduce 43
	IN  reduce 43
	OF  reduce 43
	UNIT  reduce 43
	LCID  reduce 43
	INTV  reduce 43
	FLOATV  reduce 43
	STRINGV  reduce 43
	FRACV  reduce 43
	COLONEQ  reduce 43
	COMMA  reduce 43
	GT  reduce 43
	LCURLY  reduce 43
	LPAREN  reduce 43
	LT  reduce 43
	RCURLY  reduce 43
	RPAREN  reduce 43
	SEMI  reduce 43
	VBAR  reduce 43


state 119
	AppTerm : ADD PathTerm PathTerm .  (47)
	PathTerm : PathTerm . DOT LCID  (58)
	PathTerm : PathTerm . DOT INTV  (59)

	DOT  shift 90
	INERT  reduce 47
	THEN  reduce 47
	ELSE  reduce 47
	TRUE  reduce 47
	FALSE  reduce 47
	IN  reduce 47
	OF  reduce 47
	UNIT  reduce 47
	LCID  reduce 47
	INTV  reduce 47
	FLOATV  reduce 47
	STRINGV  reduce 47
	FRACV  reduce 47
	COLONEQ  reduce 47
	COMMA  reduce 47
	GT  reduce 47
	LCURLY  reduce 47
	LPAREN  reduce 47
	LT  reduce 47
	RCURLY  reduce 47
	RPAREN  reduce 47
	SEMI  reduce 47
	VBAR  reduce 47


state 120
	AppTerm : SUB PathTerm PathTerm .  (48)
	PathTerm : PathTerm . DOT LCID  (58)
	PathTerm : PathTerm . DOT INTV  (59)

	DOT  shift 90
	INERT  reduce 48
	THEN  reduce 48
	ELSE  reduce 48
	TRUE  reduce 48
	FALSE  reduce 48
	IN  reduce 48
	OF  reduce 48
	UNIT  reduce 48
	LCID  reduce 48
	INTV  reduce 48
	FLOATV  reduce 48
	STRINGV  reduce 48
	FRACV  reduce 48
	COLONEQ  reduce 48
	COMMA  reduce 48
	GT  reduce 48
	LCURLY  reduce 48
	LPAREN  reduce 48
	LT  reduce 48
	RCURLY  reduce 48
	RPAREN  reduce 48
	SEMI  reduce 48
	VBAR  reduce 48


state 121
	AppTerm : MUL PathTerm PathTerm .  (49)
	PathTerm : PathTerm . DOT LCID  (58)
	PathTerm : PathTerm . DOT INTV  (59)

	DOT  shift 90
	INERT  reduce 49
	THEN  reduce 49
	ELSE  reduce 49
	TRUE  reduce 49
	FALSE  reduce 49
	IN  reduce 49
	OF  reduce 49
	UNIT  reduce 49
	LCID  reduce 49
	INTV  reduce 49
	FLOATV  reduce 49
	STRINGV  reduce 49
	FRACV  reduce 49
	COLONEQ  reduce 49
	COMMA  reduce 49
	GT  reduce 49
	LCURLY  reduce 49
	LPAREN  reduce 49
	LT  reduce 49
	RCURLY  reduce 49
	RPAREN  reduce 49
	SEMI  reduce 49
	VBAR  reduce 49


state 122
	AppTerm : DIV PathTerm PathTerm .  (50)
	PathTerm : PathTerm . DOT LCID  (58)
	PathTerm : PathTerm . DOT INTV  (59)

	DOT  shift 90
	INERT  reduce 50
	THEN  reduce 50
	ELSE  reduce 50
	TRUE  reduce 50
	FALSE  reduce 50
	IN  reduce 50
	OF  reduce 50
	UNIT  reduce 50
	LCID  reduce 50
	INTV  reduce 50
	FLOATV  reduce 50
	STRINGV  reduce 50
	FRACV  reduce 50
	COLONEQ  reduce 50
	COMMA  reduce 50
	GT  reduce 50
	LCURLY  reduce 50
	LPAREN  reduce 50
	LT  reduce 50
	RCURLY  reduce 50
	RPAREN  reduce 50
	SEMI  reduce 50
	VBAR  reduce 50


state 123
	AppTerm : SETPRECISION PathTerm PathTerm .  (53)
	PathTerm : PathTerm . DOT LCID  (58)
	PathTerm : PathTerm . DOT INTV  (59)

	DOT  shift 90
	INERT  reduce 53
	THEN  reduce 53
	ELSE  reduce 53
	TRUE  reduce 53
	FALSE  reduce 53
	IN  reduce 53
	OF  reduce 53
	UNIT  reduce 53
	LCID  reduce 53
	INTV  reduce 53
	FLOATV  reduce 53
	STRINGV  reduce 53
	FRACV  reduce 53
	COLONEQ  reduce 53
	COMMA  reduce 53
	GT  reduce 53
	LCURLY  reduce 53
	LPAREN  reduce 53
	LT  reduce 53
	RCURLY  reduce 53
	RPAREN  reduce 53
	SEMI  reduce 53
	VBAR  reduce 53


state 124
	AppTerm : ROUND PathTerm PathTerm .  (54)
	PathTerm : PathTerm . DOT LCID  (58)
	PathTerm : PathTerm . DOT INTV  (59)

	DOT  shift 90
	INERT  reduce 54
	THEN  reduce 54
	ELSE  reduce 54
	TRUE  reduce 54
	FALSE  reduce 54
	IN  reduce 54
	OF  reduce 54
	UNIT  reduce 54
	LCID  reduce 54
	INTV  reduce 54
	FLOATV  reduce 54
	STRINGV  reduce 54
	FRACV  reduce 54
	COLONEQ  reduce 54
	COMMA  reduce 54
	GT  reduce 54
	LCURLY  reduce 54
	LPAREN  reduce 54
	LT  reduce 54
	RCURLY  reduce 54
	RPAREN  reduce 54
	SEMI  reduce 54
	VBAR  reduce 54


state 125
	AppTerm : UP PathTerm PathTerm .  (55)
	PathTerm : PathTerm . DOT LCID  (58)
	PathTerm : PathTerm . DOT INTV  (59)

	DOT  shift 90
	INERT  reduce 55
	THEN  reduce 55
	ELSE  reduce 55
	TRUE  reduce 55
	FALSE  reduce 55
	IN  reduce 55
	OF  reduce 55
	UNIT  reduce 55
	LCID  reduce 55
	INTV  reduce 55
	FLOATV  reduce 55
	STRINGV  reduce 55
	FRACV  reduce 55
	COLONEQ  reduce 55
	COMMA  reduce 55
	GT  reduce 55
	LCURLY  reduce 55
	LPAREN  reduce 55
	LT  reduce 55
	RCURLY  reduce 55
	RPAREN  reduce 55
	SEMI  reduce 55
	VBAR  reduce 55


state 126
	AppTerm : DOWN PathTerm PathTerm .  (56)
	PathTerm : PathTerm . DOT LCID  (58)
	PathTerm : PathTerm . DOT INTV  (59)

	DOT  shift 90
	INERT  reduce 56
	THEN  reduce 56
	ELSE  reduce 56
	TRUE  reduce 56
	FALSE  reduce 56
	IN  reduce 56
	OF  reduce 56
	UNIT  reduce 56
	LCID  reduce 56
	INTV  reduce 56
	FLOATV  reduce 56
	STRINGV  reduce 56
	FRACV  reduce 56
	COLONEQ  reduce 56
	COMMA  reduce 56
	GT  reduce 56
	LCURLY  reduce 56
	LPAREN  reduce 56
	LT  reduce 56
	RCURLY  reduce 56
	RPAREN  reduce 56
	SEMI  reduce 56
	VBAR  reduce 56


state 127
	AppTerm : LESS PathTerm PathTerm .  (52)
	PathTerm : PathTerm . DOT LCID  (58)
	PathTerm : PathTerm . DOT INTV  (59)

	DOT  shift 90
	INERT  reduce 52
	THEN  reduce 52
	ELSE  reduce 52
	TRUE  reduce 52
	FALSE  reduce 52
	IN  reduce 52
	OF  reduce 52
	UNIT  reduce 52
	LCID  reduce 52
	INTV  reduce 52
	FLOATV  reduce 52
	STRINGV  reduce 52
	FRACV  reduce 52
	COLONEQ  reduce 52
	COMMA  reduce 52
	GT  reduce 52
	LCURLY  reduce 52
	LPAREN  reduce 52
	LT  reduce 52
	RCURLY  reduce 52
	RPAREN  reduce 52
	SEMI  reduce 52
	VBAR  reduce 52


state 128
	TyBinder : EQ Type .  (26)

	.  reduce 26


state 129
	Binder : COLON Type .  (6)

	.  reduce 6


state 130
	Binder : EQ Term .  (7)

	.  reduce 7


state 131
	Field : LCID EQ . Term  (87)

	INERT  shift 3
	LAMBDA  shift 4
	IF  shift 5
	TRUE  shift 6
	FALSE  shift 7
	LET  shift 8
	FIX  shift 9
	LETREC  shift 10
	CASE  shift 11
	UNIT  shift 12
	REF  shift 13
	TIMESFLOAT  shift 14
	SUCC  shift 15
	PRED  shift 16
	ISZERO  shift 17
	ADD  shift 18
	SUB  shift 19
	MUL  shift 20
	DIV  shift 21
	INV  shift 22
	SETPRECISION  shift 23
	ROUND  shift 24
	UP  shift 25
	DOWN  shift 26
	LESS  shift 27
	TORANGE  shift 28
	LCID  shift 50
	INTV  shift 31
	FLOATV  shift 32
	STRINGV  shift 33
	FRACV  shift 34
	BANG  shift 35
	LCURLY  shift 37
	LPAREN  shift 38
	LT  shift 39
	.  error

	Term  goto 163
	AppTerm  goto 43
	PathTerm  goto 44
	AscribeTerm  goto 45
	ATerm  goto 46


state 132
	ATerm : LCURLY Fields RCURLY .  (76)

	.  reduce 76


state 133
	NEFields : Field COMMA . NEFields  (86)

	INERT  shift 3
	LAMBDA  shift 4
	IF  shift 5
	TRUE  shift 6
	FALSE  shift 7
	LET  shift 8
	FIX  shift 9
	LETREC  shift 10
	CASE  shift 11
	UNIT  shift 12
	REF  shift 13
	TIMESFLOAT  shift 14
	SUCC  shift 15
	PRED  shift 16
	ISZERO  shift 17
	ADD  shift 18
	SUB  shift 19
	MUL  shift 20
	DIV  shift 21
	INV  shift 22
	SETPRECISION  shift 23
	ROUND  shift 24
	UP  shift 25
	DOWN  shift 26
	LESS  shift 27
	TORANGE  shift 28
	LCID  shift 79
	INTV  shift 31
	FLOATV  shift 32
	STRINGV  shift 33
	FRACV  shift 34
	BANG  shift 35
	LCURLY  shift 37
	LPAREN  shift 38
	LT  shift 39
	.  error

	Term  goto 80
	AppTerm  goto 43
	PathTerm  goto 44
	AscribeTerm  goto 45
	ATerm  goto 46
	NEFields  goto 164
	Field  goto 83


state 134
	TermSeq : Term SEMI . TermSeq  (70)

	INERT  shift 3
	LAMBDA  shift 4
	IF  shift 5
	TRUE  shift 6
	FALSE  shift 7
	LET  shift 8
	FIX  shift 9
	LETREC  shift 10
	CASE  shift 11
	UNIT  shift 12
	REF  shift 13
	TIMESFLOAT  shift 14
	SUCC  shift 15
	PRED  shift 16
	ISZERO  shift 17
	ADD  shift 18
	SUB  shift 19
	MUL  shift 20
	DIV  shift 21
	INV  shift 22
	SETPRECISION  shift 23
	ROUND  shift 24
	UP  shift 25
	DOWN  shift 26
	LESS  shift 27
	TORANGE  shift 28
	LCID  shift 50
	INTV  shift 31
	FLOATV  shift 32
	STRINGV  shift 33
	FRACV  shift 34
	BANG  shift 35
	LCURLY  shift 37
	LPAREN  shift 38
	LT  shift 39
	.  error

	Term  goto 84
	AppTerm  goto 43
	PathTerm  goto 44
	AscribeTerm  goto 45
	ATerm  goto 46
	TermSeq  goto 165


state 135
	ATerm : LPAREN TermSeq RPAREN .  (71)

	.  reduce 71


state 136
	ATerm : LT LCID EQ . Term GT AS Type  (77)

	INERT  shift 3
	LAMBDA  shift 4
	IF  shift 5
	TRUE  shift 6
	FALSE  shift 7
	LET  shift 8
	FIX  shift 9
	LETREC  shift 10
	CASE  shift 11
	UNIT  shift 12
	REF  shift 13
	TIMESFLOAT  shift 14
	SUCC  shift 15
	PRED  shift 16
	ISZERO  shift 17
	ADD  shift 18
	SUB  shift 19
	MUL  shift 20
	DIV  shift 21
	INV  shift 22
	SETPRECISION  shift 23
	ROUND  shift 24
	UP  shift 25
	DOWN  shift 26
	LESS  shift 27
	TORANGE  shift 28
	LCID  shift 50
	INTV  shift 31
	FLOATV  shift 32
	STRINGV  shift 33
	FRACV  shift 34
	BANG  shift 35
	LCURLY  shift 37
	LPAREN  shift 38
	LT  shift 39
	.  error

	Term  goto 166
	AppTerm  goto 43
	PathTerm  goto 44
	AscribeTerm  goto 45
	ATerm  goto 46


state 137
	toplevel : Command SEMI toplevel .  (2)

	.  reduce 2


state 138
	Term : AppTerm COLONEQ AppTerm .  (37)
	AppTerm : AppTerm . PathTerm  (39)

	INERT  shift 3
	TRUE  shift 6
	FALSE  shift 7
	UNIT  shift 12
	LCID  shift 50
	INTV  shift 31
	FLOATV  shift 32
	STRINGV  shift 33
	FRACV  shift 34
	LCURLY  shift 37
	LPAREN  shift 38
	LT  shift 39
	THEN  reduce 37
	ELSE  reduce 37
	IN  reduce 37
	OF  reduce 37
	COMMA  reduce 37
	GT  reduce 37
	RCURLY  reduce 37
	RPAREN  reduce 37
	SEMI  reduce 37

	PathTerm  goto 89
	AscribeTerm  goto 45
	ATerm  goto 46


state 139
	PathTerm : PathTerm DOT LCID .  (58)

	.  reduce 58


state 140
	PathTerm : PathTerm DOT INTV .  (59)

	.  reduce 59


state 141
	AscribeTerm : ATerm AS Type .  (67)

	.  reduce 67


state 142
	Type : RREF AType .  (9)

	.  reduce 9


state 143
	Type : SSOURCE AType .  (10)

	.  reduce 10


state 144
	Type : SSINK AType .  (11)

	.  reduce 11


state 145
	FieldType : LCID . COLON Type  (65)

	COLON  shift 167
	.  error


state 146
	FieldType : Type .  (66)

	.  reduce 66


state 147
	AType : LCURLY FieldTypes . RCURLY  (17)

	RCURLY  shift 168
	.  error


state 148
	FieldTypes : NEFieldTypes .  (62)

	.  reduce 62


state 149
	NEFieldTypes : FieldType .  (63)
	NEFieldTypes : FieldType . COMMA NEFieldTypes  (64)

	COMMA  shift 169
	GT  reduce 63
	RCURLY  reduce 63


state 150
	AType : LPAREN Type . RPAREN  (12)

	RPAREN  shift 170
	.  error


state 151
	AType : LT FieldTypes . GT  (18)

	GT  shift 171
	.  error


state 152
	ATerm : INERT LSQUARE Type RSQUARE .  (72)

	.  reduce 72


state 153
	ArrowType : AType ARROW . ArrowType  (27)

	TTOP  shift 92
	BOOL  shift 93
	TBOT  shift 94
	USTRING  shift 95
	UUNIT  shift 96
	UFLOAT  shift 98
	NAT  shift 101
	URANGE  shift 102
	UFRAC  shift 103
	UCID  shift 104
	LCURLY  shift 105
	LPAREN  shift 106
	LT  shift 107
	.  error

	ArrowType  goto 172
	AType  goto 110


state 154
	Term : LAMBDA LCID COLON Type . DOT Term  (30)

	DOT  shift 173
	.  error


state 155
	Term : LAMBDA USCORE COLON Type . DOT Term  (31)

	DOT  shift 174
	.  error


state 156
	Term : IF Term THEN Term . ELSE Term  (32)

	ELSE  shift 175
	.  error


state 157
	Term : LET LCID EQ Term . IN Term  (33)

	IN  shift 176
	.  error


state 158
	Term : LET USCORE EQ Term . IN Term  (34)

	IN  shift 177
	.  error


state 159
	Term : LETREC LCID COLON Type . EQ Term IN Term  (35)

	EQ  shift 178
	.  error


state 160
	Case : LT . LCID EQ LCID GT DDARROW AppTerm  (91)

	LCID  shift 179
	.  error


state 161
	Term : CASE Term OF Cases .  (36)

	.  reduce 36


state 162
	Cases : Case .  (89)
	Cases : Case . VBAR Cases  (90)

	VBAR  shift 180
	THEN  reduce 89
	ELSE  reduce 89
	IN  reduce 89
	OF  reduce 89
	COMMA  reduce 89
	GT  reduce 89
	RCURLY  reduce 89
	RPAREN  reduce 89
	SEMI  reduce 89


state 163
	Field : LCID EQ Term .  (87)

	.  reduce 87


state 164
	NEFields : Field COMMA NEFields .  (86)

	.  reduce 86


state 165
	TermSeq : Term SEMI TermSeq .  (70)

	.  reduce 70


state 166
	ATerm : LT LCID EQ Term . GT AS Type  (77)

	GT  shift 181
	.  error


state 167
	FieldType : LCID COLON . Type  (65)

	TTOP  shift 92
	BOOL  shift 93
	TBOT  shift 94
	USTRING  shift 95
	UUNIT  shift 96
	RREF  shift 97
	UFLOAT  shift 98
	SSOURCE  shift 99
	SSINK  shift 100
	NAT  shift 101
	URANGE  shift 102
	UFRAC  shift 103
	UCID  shift 104
	LCURLY  shift 105
	LPAREN  shift 106
	LT  shift 107
	.  error

	Type  goto 182
	ArrowType  goto 109
	AType  goto 110


state 168
	AType : LCURLY FieldTypes RCURLY .  (17)

	.  reduce 17


state 169
	NEFieldTypes : FieldType COMMA . NEFieldTypes  (64)

	TTOP  shift 92
	BOOL  shift 93
	TBOT  shift 94
	USTRING  shift 95
	UUNIT  shift 96
	RREF  shift 97
	UFLOAT  shift 98
	SSOURCE  shift 99
	SSINK  shift 100
	NAT  shift 101
	URANGE  shift 102
	UFRAC  shift 103
	UCID  shift 104
	LCID  shift 145
	LCURLY  shift 105
	LPAREN  shift 106
	LT  shift 107
	.  error

	Type  goto 146
	ArrowType  goto 109
	AType  goto 110
	NEFieldTypes  goto 183
	FieldType  goto 149


state 170
	AType : LPAREN Type RPAREN .  (12)

	.  reduce 12


state 171
	AType : LT FieldTypes GT .  (18)

	.  reduce 18


state 172
	ArrowType : AType ARROW ArrowType .  (27)

	.  reduce 27


state 173
	Term : LAMBDA LCID COLON Type DOT . Term  (30)

	INERT  shift 3
	LAMBDA  shift 4
	IF  shift 5
	TRUE  shift 6
	FALSE  shift 7
	LET  shift 8
	FIX  shift 9
	LETREC  shift 10
	CASE  shift 11
	UNIT  shift 12
	REF  shift 13
	TIMESFLOAT  shift 14
	SUCC  shift 15
	PRED  shift 16
	ISZERO  shift 17
	ADD  shift 18
	SUB  shift 19
	MUL  shift 20
	DIV  shift 21
	INV  shift 22
	SETPRECISION  shift 23
	ROUND  shift 24
	UP  shift 25
	DOWN  shift 26
	LESS  shift 27
	TORANGE  shift 28
	LCID  shift 50
	INTV  shift 31
	FLOATV  shift 32
	STRINGV  shift 33
	FRACV  shift 34
	BANG  shift 35
	LCURLY  shift 37
	LPAREN  shift 38
	LT  shift 39
	.  error

	Term  goto 184
	AppTerm  goto 43
	PathTerm  goto 44
	AscribeTerm  goto 45
	ATerm  goto 46


state 174
	Term : LAMBDA USCORE COLON Type DOT . Term  (31)

	INERT  shift 3
	LAMBDA  shift 4
	IF  shift 5
	TRUE  shift 6
	FALSE  shift 7
	LET  shift 8
	FIX  shift 9
	LETREC  shift 10
	CASE  shift 11
	UNIT  shift 12
	REF  shift 13
	TIMESFLOAT  shift 14
	SUCC  shift 15
	PRED  shift 16
	ISZERO  shift 17
	ADD  shift 18
	SUB  shift 19
	MUL  shift 20
	DIV  shift 21
	INV  shift 22
	SETPRECISION  shift 23
	ROUND  shift 24
	UP  shift 25
	DOWN  shift 26
	LESS  shift 27
	TORANGE  shift 28
	LCID  shift 50
	INTV  shift 31
	FLOATV  shift 32
	STRINGV  shift 33
	FRACV  shift 34
	BANG  shift 35
	LCURLY  shift 37
	LPAREN  shift 38
	LT  shift 39
	.  error

	Term  goto 185
	AppTerm  goto 43
	PathTerm  goto 44
	AscribeTerm  goto 45
	ATerm  goto 46


state 175
	Term : IF Term THEN Term ELSE . Term  (32)

	INERT  shift 3
	LAMBDA  shift 4
	IF  shift 5
	TRUE  shift 6
	FALSE  shift 7
	LET  shift 8
	FIX  shift 9
	LETREC  shift 10
	CASE  shift 11
	UNIT  shift 12
	REF  shift 13
	TIMESFLOAT  shift 14
	SUCC  shift 15
	PRED  shift 16
	ISZERO  shift 17
	ADD  shift 18
	SUB  shift 19
	MUL  shift 20
	DIV  shift 21
	INV  shift 22
	SETPRECISION  shift 23
	ROUND  shift 24
	UP  shift 25
	DOWN  shift 26
	LESS  shift 27
	TORANGE  shift 28
	LCID  shift 50
	INTV  shift 31
	FLOATV  shift 32
	STRINGV  shift 33
	FRACV  shift 34
	BANG  shift 35
	LCURLY  shift 37
	LPAREN  shift 38
	LT  shift 39
	.  error

	Term  goto 186
	AppTerm  goto 43
	PathTerm  goto 44
	AscribeTerm  goto 45
	ATerm  goto 46


state 176
	Term : LET LCID EQ Term IN . Term  (33)

	INERT  shift 3
	LAMBDA  shift 4
	IF  shift 5
	TRUE  shift 6
	FALSE  shift 7
	LET  shift 8
	FIX  shift 9
	LETREC  shift 10
	CASE  shift 11
	UNIT  shift 12
	REF  shift 13
	TIMESFLOAT  shift 14
	SUCC  shift 15
	PRED  shift 16
	ISZERO  shift 17
	ADD  shift 18
	SUB  shift 19
	MUL  shift 20
	DIV  shift 21
	INV  shift 22
	SETPRECISION  shift 23
	ROUND  shift 24
	UP  shift 25
	DOWN  shift 26
	LESS  shift 27
	TORANGE  shift 28
	LCID  shift 50
	INTV  shift 31
	FLOATV  shift 32
	STRINGV  shift 33
	FRACV  shift 34
	BANG  shift 35
	LCURLY  shift 37
	LPAREN  shift 38
	LT  shift 39
	.  error

	Term  goto 187
	AppTerm  goto 43
	PathTerm  goto 44
	AscribeTerm  goto 45
	ATerm  goto 46


state 177
	Term : LET USCORE EQ Term IN . Term  (34)

	INERT  shift 3
	LAMBDA  shift 4
	IF  shift 5
	TRUE  shift 6
	FALSE  shift 7
	LET  shift 8
	FIX  shift 9
	LETREC  shift 10
	CASE  shift 11
	UNIT  shift 12
	REF  shift 13
	TIMESFLOAT  shift 14
	SUCC  shift 15
	PRED  shift 16
	ISZERO  shift 17
	ADD  shift 18
	SUB  shift 19
	MUL  shift 20
	DIV  shift 21
	INV  shift 22
	SETPRECISION  shift 23
	ROUND  shift 24
	UP  shift 25
	DOWN  shift 26
	LESS  shift 27
	TORANGE  shift 28
	LCID  shift 50
	INTV  shift 31
	FLOATV  shift 32
	STRINGV  shift 33
	FRACV  shift 34
	BANG  shift 35
	LCURLY  shift 37
	LPAREN  shift 38
	LT  shift 39
	.  error

	Term  goto 188
	AppTerm  goto 43
	PathTerm  goto 44
	AscribeTerm  goto 45
	ATerm  goto 46


state 178
	Term : LETREC LCID COLON Type EQ . Term IN Term  (35)

	INERT  shift 3
	LAMBDA  shift 4
	IF  shift 5
	TRUE  shift 6
	FALSE  shift 7
	LET  shift 8
	FIX  shift 9
	LETREC  shift 10
	CASE  shift 11
	UNIT  shift 12
	REF  shift 13
	TIMESFLOAT  shift 14
	SUCC  shift 15
	PRED  shift 16
	ISZERO  shift 17
	ADD  shift 18
	SUB  shift 19
	MUL  shift 20
	DIV  shift 21
	INV  shift 22
	SETPRECISION  shift 23
	ROUND  shift 24
	UP  shift 25
	DOWN  shift 26
	LESS  shift 27
	TORANGE  shift 28
	LCID  shift 50
	INTV  shift 31
	FLOATV  shift 32
	STRINGV  shift 33
	FRACV  shift 34
	BANG  shift 35
	LCURLY  shift 37
	LPAREN  shift 38
	LT  shift 39
	.  error

	Term  goto 189
	AppTerm  goto 43
	PathTerm  goto 44
	AscribeTerm  goto 45
	ATerm  goto 46


state 179
	Case : LT LCID . EQ LCID GT DDARROW AppTerm  (91)

	EQ  shift 190
	.  error


state 180
	Cases : Case VBAR . Cases  (90)

	LT  shift 160
	.  error

	Cases  goto 191
	Case  goto 162


state 181
	ATerm : LT LCID EQ Term GT . AS Type  (77)

	AS  shift 192
	.  error


state 182
	FieldType : LCID COLON Type .  (65)

	.  reduce 65


state 183
	NEFieldTypes : FieldType COMMA NEFieldTypes .  (64)

	.  reduce 64


state 184
	Term : LAMBDA LCID COLON Type DOT Term .  (30)

	.  reduce 30


state 185
	Term : LAMBDA USCORE COLON Type DOT Term .  (31)

	.  reduce 31


state 186
	Term : IF Term THEN Term ELSE Term .  (32)

	.  reduce 32


state 187
	Term : LET LCID EQ Term IN Term .  (33)

	.  reduce 33


state 188
	Term : LET USCORE EQ Term IN Term .  (34)

	.  reduce 34


state 189
	Term : LETREC LCID COLON Type EQ Term . IN Term  (35)

	IN  shift 193
	.  error


state 190
	Case : LT LCID EQ . LCID GT DDARROW AppTerm  (91)

	LCID  shift 194
	.  error


state 191
	Cases : Case VBAR Cases .  (90)

	.  reduce 90


state 192
	ATerm : LT LCID EQ Term GT AS . Type  (77)

	TTOP  shift 92
	BOOL  shift 93
	TBOT  shift 94
	USTRING  shift 95
	UUNIT  shift 96
	RREF  shift 97
	UFLOAT  shift 98
	SSOURCE  shift 99
	SSINK  shift 100
	NAT  shift 101
	URANGE  shift 102
	UFRAC  shift 103
	UCID  shift 104
	LCURLY  shift 105
	LPAREN  shift 106
	LT  shift 107
	.  error

	Type  goto 195
	ArrowType  goto 109
	AType  goto 110


state 193
	Term : LETREC LCID COLON Type EQ Term IN . Term  (35)

	INERT  shift 3
	LAMBDA  shift 4
	IF  shift 5
	TRUE  shift 6
	FALSE  shift 7
	LET  shift 8
	FIX  shift 9
	LETREC  shift 10
	CASE  shift 11
	UNIT  shift 12
	REF  shift 13
	TIMESFLOAT  shift 14
	SUCC  shift 15
	PRED  shift 16
	ISZERO  shift 17
	ADD  shift 18
	SUB  shift 19
	MUL  shift 20
	DIV  shift 21
	INV  shift 22
	SETPRECISION  shift 23
	ROUND  shift 24
	UP  shift 25
	DOWN  shift 26
	LESS  shift 27
	TORANGE  shift 28
	LCID  shift 50
	INTV  shift 31
	FLOATV  shift 32
	STRINGV  shift 33
	FRACV  shift 34
	BANG  shift 35
	LCURLY  shift 37
	LPAREN  shift 38
	LT  shift 39
	.  error

	Term  goto 196
	AppTerm  goto 43
	PathTerm  goto 44
	AscribeTerm  goto 45
	ATerm  goto 46


state 194
	Case : LT LCID EQ LCID . GT DDARROW AppTerm  (91)

	GT  shift 197
	.  error


state 195
	ATerm : LT LCID EQ Term GT AS Type .  (77)

	.  reduce 77


state 196
	Term : LETREC LCID COLON Type EQ Term IN Term .  (35)

	.  reduce 35


state 197
	Case : LT LCID EQ LCID GT . DDARROW AppTerm  (91)

	DDARROW  shift 198
	.  error


state 198
	Case : LT LCID EQ LCID GT DDARROW . AppTerm  (91)

	INERT  shift 3
	TRUE  shift 6
	FALSE  shift 7
	FIX  shift 9
	UNIT  shift 12
	REF  shift 13
	TIMESFLOAT  shift 14
	SUCC  shift 15
	PRED  shift 16
	ISZERO  shift 17
	ADD  shift 18
	SUB  shift 19
	MUL  shift 20
	DIV  shift 21
	INV  shift 22
	SETPRECISION  shift 23
	ROUND  shift 24
	UP  shift 25
	DOWN  shift 26
	LESS  shift 27
	TORANGE  shift 28
	LCID  shift 50
	INTV  shift 31
	FLOATV  shift 32
	STRINGV  shift 33
	FRACV  shift 34
	BANG  shift 35
	LCURLY  shift 37
	LPAREN  shift 38
	LT  shift 39
	.  error

	AppTerm  goto 199
	PathTerm  goto 44
	AscribeTerm  goto 45
	ATerm  goto 46


state 199
	AppTerm : AppTerm . PathTerm  (39)
	Case : LT LCID EQ LCID GT DDARROW AppTerm .  (91)

	INERT  shift 3
	TRUE  shift 6
	FALSE  shift 7
	UNIT  shift 12
	LCID  shift 50
	INTV  shift 31
	FLOATV  shift 32
	STRINGV  shift 33
	FRACV  shift 34
	LCURLY  shift 37
	LPAREN  shift 38
	LT  shift 39
	THEN  reduce 91
	ELSE  reduce 91
	IN  reduce 91
	OF  reduce 91
	COMMA  reduce 91
	GT  reduce 91
	RCURLY  reduce 91
	RPAREN  reduce 91
	SEMI  reduce 91
	VBAR  reduce 91

	PathTerm  goto 89
	AscribeTerm  goto 45
	ATerm  goto 46


91 terminals, 23 nonterminals
93 grammar rules, 200 states
